[ 2017-10-24T12:04:46+08:00 ] ::1 /book1/index.php/admin/public.login
ERR: 无法加载控制器:Public.login

[ 2017-10-24T14:37:40+08:00 ] ::1 /book1/index.php/Admin/Index/index.html
ERR: 1064:You have an error in your SQL syntax; check the manual that corresponds to your MySQL server version for the right syntax to use near ') LIMIT 1' at line 1
 [ SQL语句 ] : SELECT * FROM `tp_msg` WHERE ( userid= ) LIMIT 1  

[ 2017-10-24T14:37:43+08:00 ] ::1 /book1/index.php/Admin/Index/index.html
ERR: 1064:You have an error in your SQL syntax; check the manual that corresponds to your MySQL server version for the right syntax to use near ') LIMIT 1' at line 1
 [ SQL语句 ] : SELECT * FROM `tp_msg` WHERE ( userid= ) LIMIT 1  

[ 2017-10-24T14:37:50+08:00 ] ::1 /book1/index.php/Admin/Index/index.html
ERR: 1064:You have an error in your SQL syntax; check the manual that corresponds to your MySQL server version for the right syntax to use near ') LIMIT 1' at line 1
 [ SQL语句 ] : SELECT * FROM `tp_msg` WHERE ( userid= ) LIMIT 1  

[ 2017-10-24T14:37:51+08:00 ] ::1 /book1/index.php/Admin/Index/index.html
ERR: 1064:You have an error in your SQL syntax; check the manual that corresponds to your MySQL server version for the right syntax to use near ') LIMIT 1' at line 1
 [ SQL语句 ] : SELECT * FROM `tp_msg` WHERE ( userid= ) LIMIT 1  

[ 2017-10-24T14:37:52+08:00 ] ::1 /book1/index.php/Admin/Index/index.html
ERR: 1064:You have an error in your SQL syntax; check the manual that corresponds to your MySQL server version for the right syntax to use near ') LIMIT 1' at line 1
 [ SQL语句 ] : SELECT * FROM `tp_msg` WHERE ( userid= ) LIMIT 1  

[ 2017-10-24T14:37:52+08:00 ] ::1 /book1/index.php/Admin/Index/index.html
ERR: 1064:You have an error in your SQL syntax; check the manual that corresponds to your MySQL server version for the right syntax to use near ') LIMIT 1' at line 1
 [ SQL语句 ] : SELECT * FROM `tp_msg` WHERE ( userid= ) LIMIT 1  

[ 2017-10-24T14:37:53+08:00 ] ::1 /book1/index.php/Admin/Index/index.html
ERR: 1064:You have an error in your SQL syntax; check the manual that corresponds to your MySQL server version for the right syntax to use near ') LIMIT 1' at line 1
 [ SQL语句 ] : SELECT * FROM `tp_msg` WHERE ( userid= ) LIMIT 1  

[ 2017-10-24T14:37:53+08:00 ] ::1 /book1/index.php/Admin/Index/index.html
ERR: 1064:You have an error in your SQL syntax; check the manual that corresponds to your MySQL server version for the right syntax to use near ') LIMIT 1' at line 1
 [ SQL语句 ] : SELECT * FROM `tp_msg` WHERE ( userid= ) LIMIT 1  

[ 2017-10-24T14:37:54+08:00 ] ::1 /book1/index.php/admin/public.login
ERR: 无法加载控制器:Public.login

[ 2017-10-24T16:49:28+08:00 ] ::1 /book1/index.php/Admin/Doc/search.html?status=SOS
ERR: 1064:You have an error in your SQL syntax; check the manual that corresponds to your MySQL server version for the right syntax to use near 'user_id =1 ) LIMIT 1' at line 1
 [ SQL语句 ] : SELECT COUNT(*) AS tp_count FROM `tp_doc` WHERE ( Arrayand user_id =1 ) LIMIT 1  

[ 2017-10-24T16:51:55+08:00 ] ::1 /book1/index.php/Admin/Doc/search.html?status=SOS
ERR: 1054:Unknown column 'Array' in 'where clause'
 [ SQL语句 ] : SELECT COUNT(*) AS tp_count FROM `tp_doc` WHERE ( Array and user_id =1 ) LIMIT 1  

[ 2017-10-24T16:52:12+08:00 ] ::1 /book1/index.php/Admin/Doc/search.html?status=SOS
ERR: 1054:Unknown column 'Array' in 'where clause'
 [ SQL语句 ] : SELECT COUNT(*) AS tp_count FROM `tp_doc` WHERE ( Array and user_id =1 ) LIMIT 1  

[ 2017-10-24T16:53:09+08:00 ] ::1 /book1/index.php/Admin/Doc/search.html?status=SOS
ERR: 1054:Unknown column 'Array' in 'where clause'
 [ SQL语句 ] : SELECT COUNT(*) AS tp_count FROM `tp_doc` WHERE ( Array and user_id =1 ) LIMIT 1  

[ 2017-10-24T16:53:12+08:00 ] ::1 /book1/index.php/Admin/Doc/search.html?status=SOS
ERR: 1054:Unknown column 'Array' in 'where clause'
 [ SQL语句 ] : SELECT COUNT(*) AS tp_count FROM `tp_doc` WHERE ( Array and user_id =1 ) LIMIT 1  

[ 2017-10-24T18:04:52+08:00 ] ::1 /book1/index.php/Admin/Index/index.html
ERR: 1064:You have an error in your SQL syntax; check the manual that corresponds to your MySQL server version for the right syntax to use near ') LIMIT 1' at line 1
 [ SQL语句 ] : SELECT * FROM `tp_msg` WHERE ( userid= ) LIMIT 1  

[ 2017-10-24T18:04:54+08:00 ] ::1 /book1/index.php/Admin/Index/index.html
ERR: 1064:You have an error in your SQL syntax; check the manual that corresponds to your MySQL server version for the right syntax to use near ') LIMIT 1' at line 1
 [ SQL语句 ] : SELECT * FROM `tp_msg` WHERE ( userid= ) LIMIT 1  

[ 2017-10-24T18:04:57+08:00 ] ::1 /book1/index.php/Admin/Index/index.html
ERR: 1064:You have an error in your SQL syntax; check the manual that corresponds to your MySQL server version for the right syntax to use near ') LIMIT 1' at line 1
 [ SQL语句 ] : SELECT * FROM `tp_msg` WHERE ( userid= ) LIMIT 1  

[ 2017-10-24T18:04:58+08:00 ] ::1 /book1/index.php/Admin/Index/index.html
ERR: 1064:You have an error in your SQL syntax; check the manual that corresponds to your MySQL server version for the right syntax to use near ') LIMIT 1' at line 1
 [ SQL语句 ] : SELECT * FROM `tp_msg` WHERE ( userid= ) LIMIT 1  

[ 2017-10-24T18:04:58+08:00 ] ::1 /book1/index.php/Admin/Index/index.html
ERR: 1064:You have an error in your SQL syntax; check the manual that corresponds to your MySQL server version for the right syntax to use near ') LIMIT 1' at line 1
 [ SQL语句 ] : SELECT * FROM `tp_msg` WHERE ( userid= ) LIMIT 1  

[ 2017-10-24T18:04:59+08:00 ] ::1 /book1/index.php/Admin/Index/index.html
ERR: 1064:You have an error in your SQL syntax; check the manual that corresponds to your MySQL server version for the right syntax to use near ') LIMIT 1' at line 1
 [ SQL语句 ] : SELECT * FROM `tp_msg` WHERE ( userid= ) LIMIT 1  

[ 2017-10-24T18:04:59+08:00 ] ::1 /book1/index.php/Admin/Index/index.html
ERR: 1064:You have an error in your SQL syntax; check the manual that corresponds to your MySQL server version for the right syntax to use near ') LIMIT 1' at line 1
 [ SQL语句 ] : SELECT * FROM `tp_msg` WHERE ( userid= ) LIMIT 1  

