[ 2017-10-26T11:43:18+08:00 ] ::1 /book1/index.php/admin/punlic/login
ERR: 无法加载控制器:Punlic

[ 2017-10-26T16:01:14+08:00 ] ::1 /book1/index.php/Admin/Doc/edit/id/3
ERR: 1052:Column 'id' in where clause is ambiguous
 [ SQL语句 ] : SELECT t1.*,t2.assortname as assortname FROM tp_doc as t1,tp_assort as t2 WHERE `id` = 3 LIMIT 1  

[ 2017-10-26T16:02:23+08:00 ] ::1 /book1/index.php/Admin/Doc/edit/id/3
ERR: 1052:Column 'id' in where clause is ambiguous
 [ SQL语句 ] : SELECT t1.*,t2.assortname as assortname FROM tp_doc as t1,tp_assort as t2 WHERE `id` = 3 LIMIT 1  

[ 2017-10-26T16:03:27+08:00 ] ::1 /book1/index.php/Admin/Doc/edit/id/3
ERR: 1052:Column 'id' in where clause is ambiguous
 [ SQL语句 ] : SELECT t1.*,t2.assortname as assortname FROM tp_doc as t1,tp_assort as t2 WHERE `id` = 3 LIMIT 1  

[ 2017-10-26T16:03:31+08:00 ] ::1 /book1/index.php/Admin/Doc/edit/id/3
ERR: 1052:Column 'id' in where clause is ambiguous
 [ SQL语句 ] : SELECT t1.*,t2.assortname as assortname FROM tp_doc as t1,tp_assort as t2 WHERE `id` = 3 LIMIT 1  

[ 2017-10-26T16:03:53+08:00 ] ::1 /book1/index.php/Admin/Doc/edit/id/3
ERR: 1052:Column 'id' in where clause is ambiguous
 [ SQL语句 ] : SELECT t1.*,t2.assortname as assortname FROM tp_doc as t1,tp_assort as t2 WHERE `id` = 3 LIMIT 1  

[ 2017-10-26T16:04:20+08:00 ] ::1 /book1/index.php/Admin/Doc/edit/id/3
ERR: 1052:Column 'id' in where clause is ambiguous
 [ SQL语句 ] : SELECT t1.*,t2.assortname as assortname FROM tp_doc as t1,tp_assort as t2 WHERE `id` = 3 LIMIT 1  

[ 2017-10-26T16:04:43+08:00 ] ::1 /book1/index.php/Admin/Doc/edit/id/3
ERR: 1052:Column 'id' in where clause is ambiguous
 [ SQL语句 ] : SELECT t1.*,t2.assortname as assortname FROM tp_doc as t1,tp_assort as t2 WHERE `id` = 3 LIMIT 1  

[ 2017-10-26T16:06:51+08:00 ] ::1 /book1/index.php/Admin/Doc/edit/id/3
ERR: 1052:Column 'id' in where clause is ambiguous
 [ SQL语句 ] : SELECT t1.*,t2.assortname as assortname FROM tp_doc as t1,tp_assort as t2 WHERE `id` = 3 

[ 2017-10-26T16:10:38+08:00 ] ::1 /book1/index.php/Admin/Doc/edit/id/3
ERR: 1052:Column 'id' in where clause is ambiguous
 [ SQL语句 ] : SELECT t1.*,t2.assortname as assortname FROM tp_doc as t1,tp_assort as t2 WHERE ( t1.assort_id = t2.id and id =3 ) 

[ 2017-10-26T16:11:01+08:00 ] ::1 /book1/index.php/Admin/Doc/edit/id/3
ERR: 1052:Column 'id' in where clause is ambiguous
 [ SQL语句 ] : SELECT t1.*,t2.assortname as assortname FROM tp_doc as t1,tp_assort as t2 WHERE ( t1.assort_id = t2.id and id =3 ) 

[ 2017-10-26T16:11:47+08:00 ] ::1 /book1/index.php/Admin/Doc/edit/id/3
ERR: 1064:You have an error in your SQL syntax; check the manual that corresponds to your MySQL server version for the right syntax to use near '3 )' at line 1
 [ SQL语句 ] : SELECT t1.*,t2.assortname as assortname FROM tp_doc as t1,tp_assort as t2 WHERE ( 't1.assort_id = t2.id and id ='3 ) 

[ 2017-10-26T17:10:41+08:00 ] ::1 /book1/index.php/Admin/Doc/edit/id/2
ERR: 1064:You have an error in your SQL syntax; check the manual that corresponds to your MySQL server version for the right syntax to use near ') LIMIT 1' at line 1
 [ SQL语句 ] : SELECT t1.*,t2.assortname as assortname FROM tp_doc as t1,tp_assort as t2 WHERE ( t1.assort_id = t2.id and t2.id = ) LIMIT 1  

[ 2017-10-26T17:10:46+08:00 ] ::1 /book1/index.php/Admin/Doc/edit/id/2
ERR: 1064:You have an error in your SQL syntax; check the manual that corresponds to your MySQL server version for the right syntax to use near ') LIMIT 1' at line 1
 [ SQL语句 ] : SELECT t1.*,t2.assortname as assortname FROM tp_doc as t1,tp_assort as t2 WHERE ( t1.assort_id = t2.id and t2.id = ) LIMIT 1  

[ 2017-10-26T17:12:50+08:00 ] ::1 /book1/index.php/Admin/Doc/edit/id/2
ERR: 1052:Column 'id' in where clause is ambiguous
 [ SQL语句 ] : SELECT t1.*,t2.assortname as assortname FROM tp_doc as t1,tp_assort as t2 WHERE ( t1.assort_id = t2.id and id!=2 ) LIMIT 1  

[ 2017-10-26T17:46:08+08:00 ] ::1 /book1/index.php/Admin/Doc/edit/id/5
ERR: 1052:Column 'id' in where clause is ambiguous
 [ SQL语句 ] : SELECT t1.*,t2.assortname as assortname FROM tp_doc as t1,tp_assort as t2 WHERE `id` = 5 

[ 2017-10-26T17:46:15+08:00 ] ::1 /book1/index.php/Admin/Doc/edit/id/5
ERR: 1052:Column 'id' in where clause is ambiguous
 [ SQL语句 ] : SELECT t1.*,t2.assortname as assortname FROM tp_doc as t1,tp_assort as t2 WHERE `id` = 5 

[ 2017-10-26T17:47:51+08:00 ] ::1 /book1/index.php/Admin/Doc/edit/id/5
ERR: 1052:Column 'id' in where clause is ambiguous
 [ SQL语句 ] : SELECT t1.*,t2.assortname as assortname FROM tp_doc as t1,tp_assort as t2 WHERE ( t1.assort_id = t2.id and id =5 ) LIMIT 1  

